<?xml version="1.0" encoding="UTF-8"?>
<!-- Generated by org.testng.reporters.JUnitReportReporter -->
<testsuite skipped="0" hostname="Z9" name="com.gravity.testNGTest" tests="1" failures="0" timestamp="2019-10-07T21:00:38 EEST" time="7.325" errors="0">
  <testcase name="testdte" time="7.325" classname="com.gravity.testNGTest"/>
</testsuite> <!-- com.gravity.testNGTest -->
