<?xml version="1.0" encoding="UTF-8"?>
<!-- Generated by org.testng.reporters.JUnitReportReporter -->
<testsuite skipped="0" hostname="Z9" name="com.gravity.testNGTest$AnnotationsExample" tests="2" failures="0" timestamp="2019-10-07T21:53:39 EEST" time="0.011" errors="0">
  <testcase name="testCase1" time="0.007" classname="com.gravity.testNGTest$AnnotationsExample"/>
  <testcase name="testCase2" time="0.004" classname="com.gravity.testNGTest$AnnotationsExample"/>
</testsuite> <!-- com.gravity.testNGTest$AnnotationsExample -->
