<?xml version="1.0" encoding="UTF-8"?>
<!-- Generated by org.testng.reporters.JUnitReportReporter -->
<testsuite skipped="0" hostname="Z9" name="com.gravity.NameFiledValidation" tests="10" failures="0" timestamp="2019-10-08T15:31:40 EEST" time="17.516" errors="0">
  <testcase name="validEmail" time="1.625" classname="com.gravity.NameFiledValidation"/>
  <testcase name="validEmail" time="1.571" classname="com.gravity.NameFiledValidation"/>
  <testcase name="validEmail" time="1.953" classname="com.gravity.NameFiledValidation"/>
  <testcase name="validEmail" time="1.453" classname="com.gravity.NameFiledValidation"/>
  <testcase name="validEmail" time="2.058" classname="com.gravity.NameFiledValidation"/>
  <testcase name="validEmail" time="1.539" classname="com.gravity.NameFiledValidation"/>
  <testcase name="emptyName" time="2.465" classname="com.gravity.NameFiledValidation"/>
  <testcase name="validEmail" time="1.267" classname="com.gravity.NameFiledValidation"/>
  <testcase name="validEmail" time="2.189" classname="com.gravity.NameFiledValidation"/>
  <testcase name="validEmail" time="1.396" classname="com.gravity.NameFiledValidation"/>
</testsuite> <!-- com.gravity.NameFiledValidation -->
