<?xml version="1.0" encoding="UTF-8"?>
<!-- Generated by org.testng.reporters.JUnitReportReporter -->
<testsuite skipped="0" hostname="Z9" name="com.gravity.SendValidDataTest" tests="1" failures="0" timestamp="2019-10-08T13:17:30 EEST" time="6.207" errors="0">
  <testcase name="validData" time="6.207" classname="com.gravity.SendValidDataTest"/>
</testsuite> <!-- com.gravity.SendValidDataTest -->
