<?xml version="1.0" encoding="UTF-8"?>
<!-- Generated by org.testng.reporters.JUnitReportReporter -->
<testsuite skipped="0" hostname="Z9" name="com.gravity.InvalidDataTest" tests="6" failures="0" timestamp="2019-10-08T13:17:30 EEST" time="15.111" errors="0">
  <testcase name="emptyMoodReasonSend" time="2.116" classname="com.gravity.InvalidDataTest"/>
  <testcase name="allEmptyFiledsSend" time="1.328" classname="com.gravity.InvalidDataTest"/>
  <testcase name="checkboxOtherAndExcellentSend" time="5.414" classname="com.gravity.InvalidDataTest"/>
  <testcase name="emailAgeNameValidButMoodEmptySend" time="2.484" classname="com.gravity.InvalidDataTest"/>
  <testcase name="emailValidAndOtherFiledsEmptySend" time="1.482" classname="com.gravity.InvalidDataTest"/>
  <testcase name="emailAndAgeValidButOtherFiledsEmptySend" time="2.287" classname="com.gravity.InvalidDataTest"/>
</testsuite> <!-- com.gravity.InvalidDataTest -->
