<?xml version="1.0" encoding="UTF-8"?>
<!-- Generated by org.testng.reporters.JUnitReportReporter -->
<testsuite skipped="0" hostname="Z9" name="com.gravity.SendValidDataTest" tests="1" failures="0" timestamp="2019-10-08T15:31:40 EEST" time="18.419" errors="0">
  <testcase name="validData" time="18.419" classname="com.gravity.SendValidDataTest"/>
</testsuite> <!-- com.gravity.SendValidDataTest -->
