<?xml version="1.0" encoding="UTF-8"?>
<!-- Generated by org.testng.reporters.JUnitReportReporter -->
<testsuite skipped="0" hostname="Z9" name="com.gravity.InvalidDataTest" tests="6" failures="0" timestamp="2019-10-08T15:31:40 EEST" time="28.706" errors="0">
  <testcase name="allEmptyFiledsSend" time="3.666" classname="com.gravity.InvalidDataTest"/>
  <testcase name="emailValidAndOtherFiledsEmptySend" time="2.364" classname="com.gravity.InvalidDataTest"/>
  <testcase name="emptyMoodReasonSend" time="4.584" classname="com.gravity.InvalidDataTest"/>
  <testcase name="emailAgeNameValidButMoodEmptySend" time="4.926" classname="com.gravity.InvalidDataTest"/>
  <testcase name="checkboxOtherAndExcellentSend" time="10.295" classname="com.gravity.InvalidDataTest"/>
  <testcase name="emailAndAgeValidButOtherFiledsEmptySend" time="2.871" classname="com.gravity.InvalidDataTest"/>
</testsuite> <!-- com.gravity.InvalidDataTest -->
