<?xml version="1.0" encoding="UTF-8"?>
<!-- Generated by org.testng.reporters.JUnitReportReporter -->
<testsuite skipped="0" hostname="Z9" name="com.gravity.EmailFiledValidation" tests="21" failures="0" timestamp="2019-10-08T15:31:40 EEST" time="31.937" errors="0">
  <testcase name="validEmail" time="0.999" classname="com.gravity.EmailFiledValidation"/>
  <testcase name="invalidEmail" time="1.092" classname="com.gravity.EmailFiledValidation"/>
  <testcase name="validEmail" time="0.380" classname="com.gravity.EmailFiledValidation"/>
  <testcase name="validEmail" time="0.377" classname="com.gravity.EmailFiledValidation"/>
  <testcase name="validEmail" time="0.444" classname="com.gravity.EmailFiledValidation"/>
  <testcase name="validEmail" time="0.440" classname="com.gravity.EmailFiledValidation"/>
  <testcase name="validEmail" time="0.376" classname="com.gravity.EmailFiledValidation"/>
  <testcase name="invalidEmail" time="2.229" classname="com.gravity.EmailFiledValidation"/>
  <testcase name="invalidEmail" time="1.009" classname="com.gravity.EmailFiledValidation"/>
  <testcase name="invalidEmail" time="1.380" classname="com.gravity.EmailFiledValidation"/>
  <testcase name="invalidEmail" time="4.712" classname="com.gravity.EmailFiledValidation"/>
  <testcase name="validEmail" time="0.403" classname="com.gravity.EmailFiledValidation"/>
  <testcase name="validEmail" time="1.296" classname="com.gravity.EmailFiledValidation"/>
  <testcase name="invalidEmail" time="0.683" classname="com.gravity.EmailFiledValidation"/>
  <testcase name="emptyEmail" time="3.402" classname="com.gravity.EmailFiledValidation"/>
  <testcase name="invalidEmail" time="2.109" classname="com.gravity.EmailFiledValidation"/>
  <testcase name="validEmail" time="0.397" classname="com.gravity.EmailFiledValidation"/>
  <testcase name="invalidEmail" time="1.356" classname="com.gravity.EmailFiledValidation"/>
  <testcase name="invalidEmail" time="4.750" classname="com.gravity.EmailFiledValidation"/>
  <testcase name="validEmail" time="0.742" classname="com.gravity.EmailFiledValidation"/>
  <testcase name="invalidEmail" time="3.361" classname="com.gravity.EmailFiledValidation"/>
</testsuite> <!-- com.gravity.EmailFiledValidation -->
